<?xml version="1.0" encoding="UTF-8"?>
<!-- Generated by org.testng.reporters.JUnitXMLReporter -->
<testsuite hostname="SIB-LT108687" ignored="0" tests="5" failures="1" timestamp="04 Apr 2019 11:51:21 GMT" time="0.946" errors="0">
  <testcase name="TS01_Login" time="0.013" classname="SampleTest"/>
  <testcase name="TS02_Search" time="0.0" classname="SampleTest"/>
  <testcase name="TS03_Select" time="0.0" classname="SampleTest"/>
  <testcase name="TS04_Book" time="0.0" classname="SampleTest"/>
  <testcase name="TS05_Logout" time="0.001" classname="SampleTest">
    <failure type="java.lang.AssertionError" message="expected [true] but found [false]">
      <![CDATA[java.lang.AssertionError: expected [true] but found [false]
at SampleTest.TS05_Logout(SampleTest.java:29)
... Removed 39 stack frames]]>
    </failure>
  </testcase> <!-- TS05_Logout -->
</testsuite>
